/bin/bash: line 1: ./base_single_agent.sh: Permission denied

------------------------------------------------------------
Sender: LSF System <lsfadmin@hpc.dtu.dk>
Subject: Job 27292518: <NONAME> in cluster <dcc> Exited

Job <NONAME> was submitted from host <hpclogin1> by user <s233791> in cluster <dcc> at Fri Dec  5 10:21:00 2025
Job was executed on host(s) <n-62-31-5>, in queue <hpc>, as user <s233791> in cluster <dcc> at Fri Dec  5 10:21:01 2025
</zhome/7a/c/204061> was used as the home directory.
</work3/s233791/rl-pricing-amod> was used as the working directory.
Started at Fri Dec  5 10:21:01 2025
Terminated at Fri Dec  5 10:21:02 2025
Results reported at Fri Dec  5 10:21:02 2025

Your job looked like:

------------------------------------------------------------
# LSBATCH: User input
base_single_agent.sh
------------------------------------------------------------

Exited with exit code 126.

Resource usage summary:

    CPU time :                                   0.49 sec.
    Max Memory :                                 -
    Average Memory :                             -
    Total Requested Memory :                     1024.00 MB
    Delta Memory :                               -
    Max Swap :                                   -
    Max Processes :                              -
    Max Threads :                                -
    Run time :                                   2 sec.
    Turnaround time :                            2 sec.

The output (if any) is above this job summary.

